<?xml version="1.0" encoding="UTF-8"?>
<testsuite xmlns:xsi="http://www.w3.org/2001/XMLSchema-instance" xsi:noNamespaceSchemaLocation="https://maven.apache.org/surefire/maven-surefire-plugin/xsd/surefire-test-report.xsd" name="com.atguigu.lease.web.app.service.impl.SmsServiceImplTest" time="8.817" tests="1" errors="0" skipped="0" failures="0">
  <properties>
[...]
</properties>
  <testcase name="senCode" classname="com.atguigu.lease.web.app.service.impl.SmsServiceImplTest" time="1.882"/>
</testsuite>